{"/home/travis/build/npmtest/node-npmtest-t/test.js":{"path":"/home/travis/build/npmtest/node-npmtest-t/test.js","s":{"1":2,"2":2,"3":2,"4":2,"5":2,"6":2,"7":2,"8":1,"9":2,"10":2,"11":1,"12":1,"13":1,"14":1,"15":2,"16":2,"17":2,"18":2,"19":1,"20":1,"21":2,"22":2,"23":2,"24":1,"25":1,"26":1,"27":1,"28":1,"29":1,"30":1,"31":1,"32":1,"33":1,"34":1,"35":1,"36":1,"37":2,"38":2,"39":1,"40":2,"41":2,"42":1,"43":2,"44":2,"45":1,"46":2,"47":2,"48":1,"49":1,"50":1,"51":1,"52":1},"b":{"1":[2,1,1,1],"2":[1,1,1,1],"3":[1,1],"4":[1,1],"5":[1,1],"6":[1,1],"7":[1,1],"8":[1,1],"9":[1,1,1],"10":[1,1],"11":[1,1],"12":[1,1],"13":[1,1],"14":[1,1],"15":[1,1],"16":[1,1]},"f":{"1":2,"2":2,"3":2,"4":2,"5":2,"6":1,"7":1,"8":2,"9":2,"10":2,"11":2,"12":1},"fnMap":{"1":{"name":"(anonymous_1)","line":12,"loc":{"start":{"line":12,"column":1},"end":{"line":12,"column":13}}},"2":{"name":"(anonymous_2)","line":19,"loc":{"start":{"line":19,"column":5},"end":{"line":19,"column":17}}},"3":{"name":"(anonymous_3)","line":23,"loc":{"start":{"line":23,"column":24},"end":{"line":23,"column":36}}},"4":{"name":"(anonymous_4)","line":61,"loc":{"start":{"line":61,"column":5},"end":{"line":61,"column":17}}},"5":{"name":"(anonymous_5)","line":82,"loc":{"start":{"line":82,"column":5},"end":{"line":82,"column":17}}},"6":{"name":"(anonymous_6)","line":102,"loc":{"start":{"line":102,"column":83},"end":{"line":105,"column":10}},"skip":true},"7":{"name":"(anonymous_7)","line":113,"loc":{"start":{"line":113,"column":77},"end":{"line":116,"column":10}},"skip":true},"8":{"name":"(anonymous_8)","line":129,"loc":{"start":{"line":129,"column":12},"end":{"line":129,"column":40}},"skip":true},"9":{"name":"(anonymous_9)","line":137,"loc":{"start":{"line":137,"column":77},"end":{"line":140,"column":10}},"skip":true},"10":{"name":"(anonymous_10)","line":148,"loc":{"start":{"line":148,"column":83},"end":{"line":151,"column":10}},"skip":true},"11":{"name":"(anonymous_11)","line":159,"loc":{"start":{"line":159,"column":79},"end":{"line":162,"column":10}},"skip":true},"12":{"name":"(anonymous_12)","line":170,"loc":{"start":{"line":170,"column":75},"end":{"line":173,"column":10}},"skip":true}},"statementMap":{"1":{"start":{"line":12,"column":0},"end":{"line":185,"column":5}},"2":{"start":{"line":14,"column":4},"end":{"line":14,"column":14}},"3":{"start":{"line":19,"column":4},"end":{"line":56,"column":9}},"4":{"start":{"line":21,"column":8},"end":{"line":21,"column":19}},"5":{"start":{"line":23,"column":8},"end":{"line":35,"column":13}},"6":{"start":{"line":24,"column":12},"end":{"line":34,"column":13}},"7":{"start":{"line":25,"column":16},"end":{"line":28,"column":30}},"8":{"start":{"line":30,"column":16},"end":{"line":33,"column":27}},"9":{"start":{"line":37,"column":8},"end":{"line":39,"column":21}},"10":{"start":{"line":40,"column":8},"end":{"line":53,"column":9}},"11":{"start":{"line":43,"column":12},"end":{"line":46,"column":14}},"12":{"start":{"line":47,"column":12},"end":{"line":47,"column":18}},"13":{"start":{"line":50,"column":12},"end":{"line":51,"column":46}},"14":{"start":{"line":52,"column":12},"end":{"line":52,"column":18}},"15":{"start":{"line":55,"column":8},"end":{"line":55,"column":35}},"16":{"start":{"line":61,"column":4},"end":{"line":63,"column":9}},"17":{"start":{"line":62,"column":8},"end":{"line":62,"column":15}},"18":{"start":{"line":64,"column":4},"end":{"line":77,"column":5}},"19":{"start":{"line":70,"column":8},"end":{"line":70,"column":14}},"20":{"start":{"line":76,"column":8},"end":{"line":76,"column":14}},"21":{"start":{"line":82,"column":4},"end":{"line":84,"column":9}},"22":{"start":{"line":83,"column":8},"end":{"line":83,"column":15}},"23":{"start":{"line":85,"column":4},"end":{"line":184,"column":5}},"24":{"start":{"line":92,"column":8},"end":{"line":94,"column":63}},"25":{"start":{"line":95,"column":8},"end":{"line":95,"column":14}},"26":{"start":{"line":102,"column":8},"end":{"line":111,"column":10},"skip":true},"27":{"start":{"line":109,"column":12},"end":{"line":109,"column":55},"skip":true},"28":{"start":{"line":110,"column":12},"end":{"line":110,"column":48},"skip":true},"29":{"start":{"line":113,"column":8},"end":{"line":126,"column":10},"skip":true},"30":{"start":{"line":120,"column":12},"end":{"line":120,"column":76},"skip":true},"31":{"start":{"line":121,"column":12},"end":{"line":121,"column":73},"skip":true},"32":{"start":{"line":122,"column":12},"end":{"line":122,"column":74},"skip":true},"33":{"start":{"line":123,"column":12},"end":{"line":123,"column":79},"skip":true},"34":{"start":{"line":124,"column":12},"end":{"line":124,"column":25},"skip":true},"35":{"start":{"line":125,"column":12},"end":{"line":125,"column":45},"skip":true},"36":{"start":{"line":128,"column":8},"end":{"line":135,"column":14},"skip":true},"37":{"start":{"line":133,"column":16},"end":{"line":133,"column":29},"skip":true},"38":{"start":{"line":134,"column":16},"end":{"line":134,"column":55},"skip":true},"39":{"start":{"line":137,"column":8},"end":{"line":146,"column":10},"skip":true},"40":{"start":{"line":144,"column":12},"end":{"line":144,"column":25},"skip":true},"41":{"start":{"line":145,"column":12},"end":{"line":145,"column":45},"skip":true},"42":{"start":{"line":148,"column":8},"end":{"line":157,"column":10},"skip":true},"43":{"start":{"line":155,"column":12},"end":{"line":155,"column":25},"skip":true},"44":{"start":{"line":156,"column":12},"end":{"line":156,"column":48},"skip":true},"45":{"start":{"line":159,"column":8},"end":{"line":168,"column":10},"skip":true},"46":{"start":{"line":166,"column":12},"end":{"line":166,"column":25},"skip":true},"47":{"start":{"line":167,"column":12},"end":{"line":167,"column":46},"skip":true},"48":{"start":{"line":170,"column":8},"end":{"line":179,"column":10},"skip":true},"49":{"start":{"line":177,"column":12},"end":{"line":177,"column":94},"skip":true},"50":{"start":{"line":178,"column":12},"end":{"line":178,"column":48},"skip":true},"51":{"start":{"line":182,"column":8},"end":{"line":182,"column":35},"skip":true},"52":{"start":{"line":183,"column":8},"end":{"line":183,"column":14},"skip":true}},"branchMap":{"1":{"line":25,"type":"binary-expr","locations":[{"start":{"line":25,"column":23},"end":{"line":25,"column":62}},{"start":{"line":26,"column":20},"end":{"line":26,"column":70}},{"start":{"line":27,"column":20},"end":{"line":27,"column":71}},{"start":{"line":28,"column":20},"end":{"line":28,"column":29}}]},"2":{"line":30,"type":"binary-expr","locations":[{"start":{"line":30,"column":23},"end":{"line":30,"column":37}},{"start":{"line":31,"column":20},"end":{"line":31,"column":61}},{"start":{"line":32,"column":20},"end":{"line":32,"column":70}},{"start":{"line":33,"column":20},"end":{"line":33,"column":26}}]},"3":{"line":37,"type":"cond-expr","locations":[{"start":{"line":38,"column":14},"end":{"line":38,"column":20}},{"start":{"line":39,"column":14},"end":{"line":39,"column":20}}]},"4":{"line":40,"type":"switch","locations":[{"start":{"line":42,"column":8},"end":{"line":47,"column":18}},{"start":{"line":49,"column":8},"end":{"line":52,"column":18}}]},"5":{"line":44,"type":"binary-expr","locations":[{"start":{"line":44,"column":16},"end":{"line":44,"column":44}},{"start":{"line":44,"column":48},"end":{"line":44,"column":66}}]},"6":{"line":50,"type":"binary-expr","locations":[{"start":{"line":50,"column":21},"end":{"line":50,"column":49}},{"start":{"line":50,"column":53},"end":{"line":50,"column":72}}]},"7":{"line":64,"type":"switch","locations":[{"start":{"line":69,"column":4},"end":{"line":70,"column":14}},{"start":{"line":75,"column":4},"end":{"line":76,"column":14}}]},"8":{"line":85,"type":"switch","locations":[{"start":{"line":90,"column":4},"end":{"line":95,"column":14}},{"start":{"line":101,"column":4},"end":{"line":183,"column":14},"skip":true}]},"9":{"line":92,"type":"binary-expr","locations":[{"start":{"line":92,"column":18},"end":{"line":92,"column":32}},{"start":{"line":93,"column":12},"end":{"line":93,"column":53}},{"start":{"line":94,"column":12},"end":{"line":94,"column":61}}]},"10":{"line":102,"type":"binary-expr","locations":[{"start":{"line":102,"column":45},"end":{"line":102,"column":79},"skip":true},{"start":{"line":102,"column":83},"end":{"line":111,"column":9},"skip":true}]},"11":{"line":113,"type":"binary-expr","locations":[{"start":{"line":113,"column":42},"end":{"line":113,"column":73},"skip":true},{"start":{"line":113,"column":77},"end":{"line":126,"column":9},"skip":true}]},"12":{"line":128,"type":"binary-expr","locations":[{"start":{"line":128,"column":48},"end":{"line":128,"column":85},"skip":true},{"start":{"line":129,"column":12},"end":{"line":135,"column":13},"skip":true}]},"13":{"line":137,"type":"binary-expr","locations":[{"start":{"line":137,"column":42},"end":{"line":137,"column":73},"skip":true},{"start":{"line":137,"column":77},"end":{"line":146,"column":9},"skip":true}]},"14":{"line":148,"type":"binary-expr","locations":[{"start":{"line":148,"column":45},"end":{"line":148,"column":79},"skip":true},{"start":{"line":148,"column":83},"end":{"line":157,"column":9},"skip":true}]},"15":{"line":159,"type":"binary-expr","locations":[{"start":{"line":159,"column":43},"end":{"line":159,"column":75},"skip":true},{"start":{"line":159,"column":79},"end":{"line":168,"column":9},"skip":true}]},"16":{"line":170,"type":"binary-expr","locations":[{"start":{"line":170,"column":41},"end":{"line":170,"column":71},"skip":true},{"start":{"line":170,"column":75},"end":{"line":179,"column":9},"skip":true}]}},"code":["/* istanbul instrument in package npmtest_t */","/*jslint","    bitwise: true,","    browser: true,","    maxerr: 8,","    maxlen: 96,","    node: true,","    nomen: true,","    regexp: true,","    stupid: true","*/","(function () {","    'use strict';","    var local;","","","","    // run shared js-env code - pre-init","    (function () {","        // init local","        local = {};","        // init modeJs","        local.modeJs = (function () {","            try {","                return typeof navigator.userAgent === 'string' &&","                    typeof document.querySelector('body') === 'object' &&","                    typeof XMLHttpRequest.prototype.open === 'function' &&","                    'browser';","            } catch (errorCaughtBrowser) {","                return module.exports &&","                    typeof process.versions.node === 'string' &&","                    typeof require('http').createServer === 'function' &&","                    'node';","            }","        }());","        // init global","        local.global = local.modeJs === 'browser'","            ? window","            : global;","        switch (local.modeJs) {","        // re-init local from window.local","        case 'browser':","            local = local.global.utility2.objectSetDefault(","                local.global.utility2_rollup || local.global.local,","                local.global.utility2","            );","            break;","        // re-init local from example.js","        case 'node':","            local = (local.global.utility2_rollup || require('utility2'))","                .requireExampleJsFromReadme();","            break;","        }","        // export local","        local.global.local = local;","    }());","","","","    // run shared js-env code - function","    (function () {","        return;","    }());","    switch (local.modeJs) {","","","","    // run browser js-env code - function","    case 'browser':","        break;","","","","    // run node js-env code - function","    case 'node':","        break;","    }","","","","    // run shared js-env code - post-init","    (function () {","        return;","    }());","    switch (local.modeJs) {","","","","    // run browser js-env code - post-init","    case 'browser':","        // run tests","        local.nop(local.modeTest &&","            document.querySelector('#testRunButton1') &&","            document.querySelector('#testRunButton1').click());","        break;","","","","    // run node js-env code - post-init","    /* istanbul ignore next */","    case 'node':","        local.testCase_buildApidoc_default = local.testCase_buildApidoc_default || function (","            options,","            onError","        ) {","        /*","         * this function will test buildApidoc's default handling-behavior-behavior","         */","            options = { modulePathList: module.paths };","            local.buildApidoc(options, onError);","        };","","        local.testCase_buildApp_default = local.testCase_buildApp_default || function (","            options,","            onError","        ) {","        /*","         * this function will test buildApp's default handling-behavior-behavior","         */","            local.testCase_buildReadme_default(options, local.onErrorThrow);","            local.testCase_buildLib_default(options, local.onErrorThrow);","            local.testCase_buildTest_default(options, local.onErrorThrow);","            local.testCase_buildCustomOrg_default(options, local.onErrorThrow);","            options = [];","            local.buildApp(options, onError);","        };","","        local.testCase_buildCustomOrg_default = local.testCase_buildCustomOrg_default ||","            function (options, onError) {","            /*","             * this function will test buildCustomOrg's default handling-behavior","             */","                options = {};","                local.buildCustomOrg(options, onError);","            };","","        local.testCase_buildLib_default = local.testCase_buildLib_default || function (","            options,","            onError","        ) {","        /*","         * this function will test buildLib's default handling-behavior","         */","            options = {};","            local.buildLib(options, onError);","        };","","        local.testCase_buildReadme_default = local.testCase_buildReadme_default || function (","            options,","            onError","        ) {","        /*","         * this function will test buildReadme's default handling-behavior-behavior","         */","            options = {};","            local.buildReadme(options, onError);","        };","","        local.testCase_buildTest_default = local.testCase_buildTest_default || function (","            options,","            onError","        ) {","        /*","         * this function will test buildTest's default handling-behavior","         */","            options = {};","            local.buildTest(options, onError);","        };","","        local.testCase_webpage_default = local.testCase_webpage_default || function (","            options,","            onError","        ) {","        /*","         * this function will test webpage's default handling-behavior","         */","            options = { modeCoverageMerge: true, url: local.serverLocalHost + '?modeTest=1' };","            local.browserTest(options, onError);","        };","","        // run test-server","        local.testRunServer(local);","        break;","    }","}());",""],"l":{"12":2,"14":2,"19":2,"21":2,"23":2,"24":2,"25":2,"30":1,"37":2,"40":2,"43":1,"47":1,"50":1,"52":1,"55":2,"61":2,"62":2,"64":2,"70":1,"76":1,"82":2,"83":2,"85":2,"92":1,"95":1,"102":1,"109":1,"110":1,"113":1,"120":1,"121":1,"122":1,"123":1,"124":1,"125":1,"128":1,"133":2,"134":2,"137":1,"144":2,"145":2,"148":1,"155":2,"156":2,"159":1,"166":2,"167":2,"170":1,"177":1,"178":1,"182":1,"183":1}},"/home/travis/build/npmtest/node-npmtest-t/lib.npmtest_t.js":{"path":"/home/travis/build/npmtest/node-npmtest-t/lib.npmtest_t.js","s":{"1":2,"2":2,"3":2,"4":2,"5":2,"6":2,"7":2,"8":1,"9":2,"10":2,"11":2,"12":2,"13":1,"14":1,"15":1,"16":1},"b":{"1":[2,1,1,1],"2":[1,1,1,1],"3":[1,1],"4":[2,2],"5":[1,1]},"f":{"1":2,"2":2,"3":2},"fnMap":{"1":{"name":"(anonymous_1)","line":12,"loc":{"start":{"line":12,"column":1},"end":{"line":12,"column":13}}},"2":{"name":"(anonymous_2)","line":19,"loc":{"start":{"line":19,"column":5},"end":{"line":19,"column":17}}},"3":{"name":"(anonymous_3)","line":23,"loc":{"start":{"line":23,"column":24},"end":{"line":23,"column":36}}}},"statementMap":{"1":{"start":{"line":12,"column":0},"end":{"line":53,"column":5}},"2":{"start":{"line":14,"column":4},"end":{"line":14,"column":14}},"3":{"start":{"line":19,"column":4},"end":{"line":52,"column":9}},"4":{"start":{"line":21,"column":8},"end":{"line":21,"column":19}},"5":{"start":{"line":23,"column":8},"end":{"line":35,"column":13}},"6":{"start":{"line":24,"column":12},"end":{"line":34,"column":13}},"7":{"start":{"line":25,"column":16},"end":{"line":28,"column":30}},"8":{"start":{"line":30,"column":16},"end":{"line":33,"column":27}},"9":{"start":{"line":37,"column":8},"end":{"line":39,"column":21}},"10":{"start":{"line":41,"column":8},"end":{"line":41,"column":54}},"11":{"start":{"line":43,"column":8},"end":{"line":43,"column":46}},"12":{"start":{"line":45,"column":8},"end":{"line":51,"column":9}},"13":{"start":{"line":46,"column":12},"end":{"line":46,"column":52}},"14":{"start":{"line":48,"column":12},"end":{"line":48,"column":35}},"15":{"start":{"line":49,"column":12},"end":{"line":49,"column":49}},"16":{"start":{"line":50,"column":12},"end":{"line":50,"column":43}}},"branchMap":{"1":{"line":25,"type":"binary-expr","locations":[{"start":{"line":25,"column":23},"end":{"line":25,"column":62}},{"start":{"line":26,"column":20},"end":{"line":26,"column":70}},{"start":{"line":27,"column":20},"end":{"line":27,"column":71}},{"start":{"line":28,"column":20},"end":{"line":28,"column":29}}]},"2":{"line":30,"type":"binary-expr","locations":[{"start":{"line":30,"column":23},"end":{"line":30,"column":37}},{"start":{"line":31,"column":20},"end":{"line":31,"column":61}},{"start":{"line":32,"column":20},"end":{"line":32,"column":70}},{"start":{"line":33,"column":20},"end":{"line":33,"column":26}}]},"3":{"line":37,"type":"cond-expr","locations":[{"start":{"line":38,"column":14},"end":{"line":38,"column":20}},{"start":{"line":39,"column":14},"end":{"line":39,"column":20}}]},"4":{"line":41,"type":"binary-expr","locations":[{"start":{"line":41,"column":16},"end":{"line":41,"column":44}},{"start":{"line":41,"column":48},"end":{"line":41,"column":53}}]},"5":{"line":45,"type":"if","locations":[{"start":{"line":45,"column":8},"end":{"line":45,"column":8}},{"start":{"line":45,"column":8},"end":{"line":45,"column":8}}]}},"code":["/* istanbul instrument in package npmtest_t */","/*jslint","    bitwise: true,","    browser: true,","    maxerr: 8,","    maxlen: 96,","    node: true,","    nomen: true,","    regexp: true,","    stupid: true","*/","(function () {","    'use strict';","    var local;","","","","    // run shared js-env code - pre-init","    (function () {","        // init local","        local = {};","        // init modeJs","        local.modeJs = (function () {","            try {","                return typeof navigator.userAgent === 'string' &&","                    typeof document.querySelector('body') === 'object' &&","                    typeof XMLHttpRequest.prototype.open === 'function' &&","                    'browser';","            } catch (errorCaughtBrowser) {","                return module.exports &&","                    typeof process.versions.node === 'string' &&","                    typeof require('http').createServer === 'function' &&","                    'node';","            }","        }());","        // init global","        local.global = local.modeJs === 'browser'","            ? window","            : global;","        // init utility2_rollup","        local = local.global.utility2_rollup || local;","        // init lib","        local.local = local.npmtest_t = local;","        // init exports","        if (local.modeJs === 'browser') {","            local.global.utility2_npmtest_t = local;","        } else {","            module.exports = local;","            module.exports.__dirname = __dirname;","            module.exports.module = module;","        }","    }());","}());",""],"l":{"12":2,"14":2,"19":2,"21":2,"23":2,"24":2,"25":2,"30":1,"37":2,"41":2,"43":2,"45":2,"46":1,"48":1,"49":1,"50":1}},"/home/travis/build/npmtest/node-npmtest-t/example.js":{"path":"/home/travis/build/npmtest/node-npmtest-t/example.js","s":{"1":2,"2":2,"3":2,"4":2,"5":2,"6":2,"7":2,"8":1,"9":2,"10":2,"11":2,"12":2,"13":1,"14":2,"15":2,"16":2,"17":2,"18":2,"19":0,"20":2,"21":1,"22":1,"23":1,"24":1,"25":1,"26":0,"27":0,"28":1,"29":1,"30":2,"31":0,"32":0,"33":0,"34":1,"35":2,"36":2,"37":2,"38":2,"39":2,"40":2,"41":0,"42":2,"43":2,"44":2,"45":1,"46":3,"47":1,"48":1,"49":1,"50":1,"51":1,"52":1,"53":1,"54":1,"55":1,"56":1,"57":0,"58":1,"59":6,"60":6,"61":1,"62":2,"63":0,"64":2,"65":1,"66":1,"67":0,"68":0,"69":0,"70":0,"71":0,"72":0,"73":0,"74":0,"75":0,"76":0,"77":0,"78":0,"79":0,"80":0,"81":0,"82":0,"83":0},"b":{"1":[2,1,1,1],"2":[1,1,1,1],"3":[1,1],"4":[2,2],"5":[1,1],"6":[1,1],"7":[2,0],"8":[2,1,1,1,1,1],"9":[0,2,0],"10":[1,1],"11":[2,1,1],"12":[1,0],"13":[0,2],"14":[2,0,0,0,0,0,0],"15":[0,2],"16":[2,0],"17":[1,1],"18":[0,1],"19":[1,2,0,2],"20":[1,0],"21":[1,1],"22":[0,0],"23":[0,0],"24":[0,0],"25":[0,0],"26":[0,0],"27":[0,0],"28":[0,0]},"f":{"1":2,"2":2,"3":2,"4":2,"5":2,"6":2,"7":2,"8":2,"9":3,"10":1,"11":6,"12":0},"fnMap":{"1":{"name":"(anonymous_1)","line":26,"loc":{"start":{"line":26,"column":1},"end":{"line":26,"column":13}}},"2":{"name":"(anonymous_2)","line":33,"loc":{"start":{"line":33,"column":5},"end":{"line":33,"column":17}}},"3":{"name":"(anonymous_3)","line":37,"loc":{"start":{"line":37,"column":24},"end":{"line":37,"column":36}}},"4":{"name":"(anonymous_4)","line":69,"loc":{"start":{"line":69,"column":31},"end":{"line":69,"column":48}},"skip":true},"5":{"name":"(anonymous_5)","line":78,"loc":{"start":{"line":78,"column":26},"end":{"line":78,"column":45}},"skip":true},"6":{"name":"(anonymous_6)","line":123,"loc":{"start":{"line":123,"column":33},"end":{"line":123,"column":48}},"skip":true},"7":{"name":"(anonymous_7)","line":125,"loc":{"start":{"line":125,"column":27},"end":{"line":125,"column":39}},"skip":true},"8":{"name":"(anonymous_8)","line":133,"loc":{"start":{"line":133,"column":59},"end":{"line":133,"column":74}},"skip":true},"9":{"name":"(anonymous_9)","line":143,"loc":{"start":{"line":143,"column":45},"end":{"line":143,"column":62}},"skip":true},"10":{"name":"(anonymous_10)","line":144,"loc":{"start":{"line":144,"column":73},"end":{"line":144,"column":92}},"skip":true},"11":{"name":"(anonymous_11)","line":272,"loc":{"start":{"line":272,"column":51},"end":{"line":272,"column":77}},"skip":true},"12":{"name":"(anonymous_12)","line":314,"loc":{"start":{"line":314,"column":32},"end":{"line":314,"column":61}},"skip":true}},"statementMap":{"1":{"start":{"line":26,"column":0},"end":{"line":325,"column":5}},"2":{"start":{"line":28,"column":4},"end":{"line":28,"column":14}},"3":{"start":{"line":33,"column":4},"end":{"line":60,"column":9}},"4":{"start":{"line":35,"column":8},"end":{"line":35,"column":19}},"5":{"start":{"line":37,"column":8},"end":{"line":49,"column":13}},"6":{"start":{"line":38,"column":12},"end":{"line":48,"column":13}},"7":{"start":{"line":39,"column":16},"end":{"line":42,"column":30}},"8":{"start":{"line":44,"column":16},"end":{"line":47,"column":27}},"9":{"start":{"line":51,"column":8},"end":{"line":53,"column":21}},"10":{"start":{"line":55,"column":8},"end":{"line":57,"column":45}},"11":{"start":{"line":59,"column":8},"end":{"line":59,"column":35}},"12":{"start":{"line":61,"column":4},"end":{"line":324,"column":5}},"13":{"start":{"line":69,"column":8},"end":{"line":121,"column":10},"skip":true},"14":{"start":{"line":70,"column":12},"end":{"line":88,"column":13},"skip":true},"15":{"start":{"line":76,"column":16},"end":{"line":87,"column":19},"skip":true},"16":{"start":{"line":79,"column":20},"end":{"line":86,"column":21},"skip":true},"17":{"start":{"line":82,"column":24},"end":{"line":82,"column":43},"skip":true},"18":{"start":{"line":83,"column":24},"end":{"line":83,"column":30},"skip":true},"19":{"start":{"line":85,"column":24},"end":{"line":85,"column":49},"skip":true},"20":{"start":{"line":89,"column":12},"end":{"line":107,"column":13},"skip":true},"21":{"start":{"line":92,"column":16},"end":{"line":102,"column":17},"skip":true},"22":{"start":{"line":93,"column":20},"end":{"line":93,"column":86},"skip":true},"23":{"start":{"line":94,"column":20},"end":{"line":95,"column":45},"skip":true},"24":{"start":{"line":96,"column":20},"end":{"line":96,"column":42},"skip":true},"25":{"start":{"line":97,"column":20},"end":{"line":97,"column":48},"skip":true},"26":{"start":{"line":100,"column":20},"end":{"line":100,"column":85},"skip":true},"27":{"start":{"line":101,"column":20},"end":{"line":101,"column":96},"skip":true},"28":{"start":{"line":103,"column":16},"end":{"line":103,"column":22},"skip":true},"29":{"start":{"line":106,"column":16},"end":{"line":106,"column":22},"skip":true},"30":{"start":{"line":108,"column":12},"end":{"line":120,"column":13},"skip":true},"31":{"start":{"line":114,"column":16},"end":{"line":119,"column":17},"skip":true},"32":{"start":{"line":116,"column":20},"end":{"line":116,"column":78},"skip":true},"33":{"start":{"line":118,"column":20},"end":{"line":118,"column":53},"skip":true},"34":{"start":{"line":123,"column":8},"end":{"line":141,"column":11},"skip":true},"35":{"start":{"line":124,"column":12},"end":{"line":124,"column":54},"skip":true},"36":{"start":{"line":125,"column":12},"end":{"line":140,"column":14},"skip":true},"37":{"start":{"line":126,"column":16},"end":{"line":126,"column":28},"skip":true},"38":{"start":{"line":127,"column":16},"end":{"line":127,"column":69},"skip":true},"39":{"start":{"line":128,"column":16},"end":{"line":128,"column":75},"skip":true},"40":{"start":{"line":129,"column":16},"end":{"line":131,"column":17},"skip":true},"41":{"start":{"line":130,"column":20},"end":{"line":130,"column":27},"skip":true},"42":{"start":{"line":133,"column":16},"end":{"line":137,"column":36},"skip":true},"43":{"start":{"line":134,"column":20},"end":{"line":136,"column":55},"skip":true},"44":{"start":{"line":139,"column":16},"end":{"line":139,"column":57},"skip":true},"45":{"start":{"line":143,"column":8},"end":{"line":147,"column":11},"skip":true},"46":{"start":{"line":144,"column":12},"end":{"line":146,"column":15},"skip":true},"47":{"start":{"line":145,"column":16},"end":{"line":145,"column":70},"skip":true},"48":{"start":{"line":149,"column":8},"end":{"line":149,"column":31},"skip":true},"49":{"start":{"line":150,"column":8},"end":{"line":150,"column":14},"skip":true},"50":{"start":{"line":158,"column":8},"end":{"line":158,"column":31},"skip":true},"51":{"start":{"line":160,"column":8},"end":{"line":160,"column":33},"skip":true},"52":{"start":{"line":161,"column":8},"end":{"line":161,"column":37},"skip":true},"53":{"start":{"line":162,"column":8},"end":{"line":162,"column":35},"skip":true},"54":{"start":{"line":164,"column":8},"end":{"line":164,"column":50},"skip":true},"55":{"start":{"line":166,"column":8},"end":{"line":256,"column":2},"skip":true},"56":{"start":{"line":258,"column":8},"end":{"line":286,"column":9},"skip":true},"57":{"start":{"line":259,"column":12},"end":{"line":269,"column":14},"skip":true},"58":{"start":{"line":271,"column":12},"end":{"line":285,"column":19},"skip":true},"59":{"start":{"line":274,"column":20},"end":{"line":274,"column":35},"skip":true},"60":{"start":{"line":275,"column":20},"end":{"line":284,"column":21},"skip":true},"61":{"start":{"line":277,"column":24},"end":{"line":277,"column":64},"skip":true},"62":{"start":{"line":279,"column":24},"end":{"line":279,"column":40},"skip":true},"63":{"start":{"line":281,"column":24},"end":{"line":281,"column":40},"skip":true},"64":{"start":{"line":283,"column":24},"end":{"line":283,"column":39},"skip":true},"65":{"start":{"line":288,"column":8},"end":{"line":290,"column":9},"skip":true},"66":{"start":{"line":289,"column":12},"end":{"line":289,"column":18},"skip":true},"67":{"start":{"line":291,"column":8},"end":{"line":293,"column":54},"skip":true},"68":{"start":{"line":294,"column":8},"end":{"line":301,"column":37},"skip":true},"69":{"start":{"line":302,"column":8},"end":{"line":302,"column":82},"skip":true},"70":{"start":{"line":305,"column":8},"end":{"line":307,"column":9},"skip":true},"71":{"start":{"line":306,"column":12},"end":{"line":306,"column":82},"skip":true},"72":{"start":{"line":309,"column":8},"end":{"line":311,"column":9},"skip":true},"73":{"start":{"line":310,"column":12},"end":{"line":310,"column":18},"skip":true},"74":{"start":{"line":312,"column":8},"end":{"line":312,"column":54},"skip":true},"75":{"start":{"line":313,"column":8},"end":{"line":313,"column":69},"skip":true},"76":{"start":{"line":314,"column":8},"end":{"line":322,"column":36},"skip":true},"77":{"start":{"line":315,"column":12},"end":{"line":315,"column":61},"skip":true},"78":{"start":{"line":316,"column":12},"end":{"line":319,"column":13},"skip":true},"79":{"start":{"line":317,"column":16},"end":{"line":317,"column":75},"skip":true},"80":{"start":{"line":318,"column":16},"end":{"line":318,"column":23},"skip":true},"81":{"start":{"line":320,"column":12},"end":{"line":320,"column":38},"skip":true},"82":{"start":{"line":321,"column":12},"end":{"line":321,"column":27},"skip":true},"83":{"start":{"line":323,"column":8},"end":{"line":323,"column":14},"skip":true}},"branchMap":{"1":{"line":39,"type":"binary-expr","locations":[{"start":{"line":39,"column":23},"end":{"line":39,"column":62}},{"start":{"line":40,"column":20},"end":{"line":40,"column":70}},{"start":{"line":41,"column":20},"end":{"line":41,"column":71}},{"start":{"line":42,"column":20},"end":{"line":42,"column":29}}]},"2":{"line":44,"type":"binary-expr","locations":[{"start":{"line":44,"column":23},"end":{"line":44,"column":37}},{"start":{"line":45,"column":20},"end":{"line":45,"column":61}},{"start":{"line":46,"column":20},"end":{"line":46,"column":70}},{"start":{"line":47,"column":20},"end":{"line":47,"column":26}}]},"3":{"line":51,"type":"cond-expr","locations":[{"start":{"line":52,"column":14},"end":{"line":52,"column":20}},{"start":{"line":53,"column":14},"end":{"line":53,"column":20}}]},"4":{"line":55,"type":"binary-expr","locations":[{"start":{"line":55,"column":16},"end":{"line":55,"column":44}},{"start":{"line":55,"column":49},"end":{"line":57,"column":43}}]},"5":{"line":55,"type":"cond-expr","locations":[{"start":{"line":56,"column":14},"end":{"line":56,"column":45}},{"start":{"line":57,"column":14},"end":{"line":57,"column":43}}]},"6":{"line":61,"type":"switch","locations":[{"start":{"line":68,"column":4},"end":{"line":150,"column":14},"skip":true},{"start":{"line":156,"column":4},"end":{"line":323,"column":14},"skip":true}]},"7":{"line":70,"type":"if","locations":[{"start":{"line":70,"column":12},"end":{"line":70,"column":12},"skip":true},{"start":{"line":70,"column":12},"end":{"line":70,"column":12},"skip":true}]},"8":{"line":70,"type":"binary-expr","locations":[{"start":{"line":70,"column":16},"end":{"line":70,"column":22},"skip":true},{"start":{"line":70,"column":27},"end":{"line":70,"column":32},"skip":true},{"start":{"line":71,"column":20},"end":{"line":71,"column":39},"skip":true},{"start":{"line":72,"column":20},"end":{"line":72,"column":49},"skip":true},{"start":{"line":73,"column":20},"end":{"line":73,"column":58},"skip":true},{"start":{"line":74,"column":20},"end":{"line":74,"column":69},"skip":true}]},"9":{"line":79,"type":"switch","locations":[{"start":{"line":80,"column":20},"end":{"line":80,"column":33},"skip":true},{"start":{"line":81,"column":20},"end":{"line":83,"column":30},"skip":true},{"start":{"line":84,"column":20},"end":{"line":85,"column":49},"skip":true}]},"10":{"line":89,"type":"switch","locations":[{"start":{"line":90,"column":12},"end":{"line":103,"column":22},"skip":true},{"start":{"line":105,"column":12},"end":{"line":106,"column":22},"skip":true}]},"11":{"line":89,"type":"binary-expr","locations":[{"start":{"line":89,"column":20},"end":{"line":89,"column":25},"skip":true},{"start":{"line":89,"column":29},"end":{"line":89,"column":48},"skip":true},{"start":{"line":89,"column":52},"end":{"line":89,"column":74},"skip":true}]},"12":{"line":92,"type":"if","locations":[{"start":{"line":92,"column":16},"end":{"line":92,"column":16},"skip":true},{"start":{"line":92,"column":16},"end":{"line":92,"column":16},"skip":true}]},"13":{"line":108,"type":"if","locations":[{"start":{"line":108,"column":12},"end":{"line":108,"column":12},"skip":true},{"start":{"line":108,"column":12},"end":{"line":108,"column":12},"skip":true}]},"14":{"line":108,"type":"binary-expr","locations":[{"start":{"line":108,"column":16},"end":{"line":108,"column":61},"skip":true},{"start":{"line":108,"column":66},"end":{"line":108,"column":72},"skip":true},{"start":{"line":108,"column":77},"end":{"line":108,"column":82},"skip":true},{"start":{"line":109,"column":20},"end":{"line":109,"column":39},"skip":true},{"start":{"line":110,"column":20},"end":{"line":110,"column":49},"skip":true},{"start":{"line":111,"column":20},"end":{"line":111,"column":58},"skip":true},{"start":{"line":112,"column":20},"end":{"line":112,"column":68},"skip":true}]},"15":{"line":129,"type":"if","locations":[{"start":{"line":129,"column":16},"end":{"line":129,"column":16},"skip":true},{"start":{"line":129,"column":16},"end":{"line":129,"column":16},"skip":true}]},"16":{"line":134,"type":"cond-expr","locations":[{"start":{"line":135,"column":26},"end":{"line":135,"column":29},"skip":true},{"start":{"line":136,"column":26},"end":{"line":136,"column":54},"skip":true}]},"17":{"line":164,"type":"binary-expr","locations":[{"start":{"line":164,"column":27},"end":{"line":164,"column":43},"skip":true},{"start":{"line":164,"column":47},"end":{"line":164,"column":49},"skip":true}]},"18":{"line":258,"type":"if","locations":[{"start":{"line":258,"column":8},"end":{"line":258,"column":8},"skip":true},{"start":{"line":258,"column":8},"end":{"line":258,"column":8},"skip":true}]},"19":{"line":275,"type":"switch","locations":[{"start":{"line":276,"column":20},"end":{"line":277,"column":64},"skip":true},{"start":{"line":278,"column":20},"end":{"line":279,"column":40},"skip":true},{"start":{"line":280,"column":20},"end":{"line":281,"column":40},"skip":true},{"start":{"line":282,"column":20},"end":{"line":283,"column":39},"skip":true}]},"20":{"line":288,"type":"if","locations":[{"start":{"line":288,"column":8},"end":{"line":288,"column":8},"skip":true},{"start":{"line":288,"column":8},"end":{"line":288,"column":8},"skip":true}]},"21":{"line":288,"type":"binary-expr","locations":[{"start":{"line":288,"column":12},"end":{"line":288,"column":40},"skip":true},{"start":{"line":288,"column":44},"end":{"line":288,"column":67},"skip":true}]},"22":{"line":292,"type":"binary-expr","locations":[{"start":{"line":292,"column":12},"end":{"line":292,"column":50},"skip":true},{"start":{"line":293,"column":12},"end":{"line":293,"column":53},"skip":true}]},"23":{"line":295,"type":"binary-expr","locations":[{"start":{"line":295,"column":12},"end":{"line":295,"column":59},"skip":true},{"start":{"line":296,"column":12},"end":{"line":301,"column":36},"skip":true}]},"24":{"line":302,"type":"binary-expr","locations":[{"start":{"line":302,"column":43},"end":{"line":302,"column":75},"skip":true},{"start":{"line":302,"column":79},"end":{"line":302,"column":81},"skip":true}]},"25":{"line":305,"type":"if","locations":[{"start":{"line":305,"column":8},"end":{"line":305,"column":8},"skip":true},{"start":{"line":305,"column":8},"end":{"line":305,"column":8},"skip":true}]},"26":{"line":309,"type":"if","locations":[{"start":{"line":309,"column":8},"end":{"line":309,"column":8},"skip":true},{"start":{"line":309,"column":8},"end":{"line":309,"column":8},"skip":true}]},"27":{"line":312,"type":"binary-expr","locations":[{"start":{"line":312,"column":27},"end":{"line":312,"column":43},"skip":true},{"start":{"line":312,"column":47},"end":{"line":312,"column":53},"skip":true}]},"28":{"line":316,"type":"if","locations":[{"start":{"line":316,"column":12},"end":{"line":316,"column":12},"skip":true},{"start":{"line":316,"column":12},"end":{"line":316,"column":12},"skip":true}]}},"code":["/*","example.js","","quickstart example","","instruction","    1. save this script as example.js","    2. run the shell command:","        $ npm install npmtest-t && PORT=8081 node example.js","    3. play with the browser-demo on http://127.0.0.1:8081","*/","","","","/* istanbul instrument in package npmtest_t */","/*jslint","    bitwise: true,","    browser: true,","    maxerr: 8,","    maxlen: 96,","    node: true,","    nomen: true,","    regexp: true,","    stupid: true","*/","(function () {","    'use strict';","    var local;","","","","    // run shared js-env code - pre-init","    (function () {","        // init local","        local = {};","        // init modeJs","        local.modeJs = (function () {","            try {","                return typeof navigator.userAgent === 'string' &&","                    typeof document.querySelector('body') === 'object' &&","                    typeof XMLHttpRequest.prototype.open === 'function' &&","                    'browser';","            } catch (errorCaughtBrowser) {","                return module.exports &&","                    typeof process.versions.node === 'string' &&","                    typeof require('http').createServer === 'function' &&","                    'node';","            }","        }());","        // init global","        local.global = local.modeJs === 'browser'","            ? window","            : global;","        // init utility2_rollup","        local = local.global.utility2_rollup || (local.modeJs === 'browser'","            ? local.global.utility2_npmtest_t","            : global.utility2_moduleExports);","        // export local","        local.global.local = local;","    }());","    switch (local.modeJs) {","","","","    // post-init","    // run browser js-env code - post-init","    /* istanbul ignore next */","    case 'browser':","        local.testRunBrowser = function (event) {","            if (!event || (event &&","                    event.currentTarget &&","                    event.currentTarget.className &&","                    event.currentTarget.className.includes &&","                    event.currentTarget.className.includes('onreset'))) {","                // reset output","                Array.from(","                    document.querySelectorAll('body > .resettable')","                ).forEach(function (element) {","                    switch (element.tagName) {","                    case 'INPUT':","                    case 'TEXTAREA':","                        element.value = '';","                        break;","                    default:","                        element.textContent = '';","                    }","                });","            }","            switch (event && event.currentTarget && event.currentTarget.id) {","            case 'testRunButton1':","                // show tests","                if (document.querySelector('#testReportDiv1').style.display === 'none') {","                    document.querySelector('#testReportDiv1').style.display = 'block';","                    document.querySelector('#testRunButton1').textContent =","                        'hide internal test';","                    local.modeTest = true;","                    local.testRunDefault(local);","                // hide tests","                } else {","                    document.querySelector('#testReportDiv1').style.display = 'none';","                    document.querySelector('#testRunButton1').textContent = 'run internal test';","                }","                break;","            // custom-case","            default:","                break;","            }","            if (document.querySelector('#inputTextareaEval1') && (!event || (event &&","                    event.currentTarget &&","                    event.currentTarget.className &&","                    event.currentTarget.className.includes &&","                    event.currentTarget.className.includes('oneval')))) {","                // try to eval input-code","                try {","                    /*jslint evil: true*/","                    eval(document.querySelector('#inputTextareaEval1').value);","                } catch (errorCaught) {","                    console.error(errorCaught.stack);","                }","            }","        };","        // log stderr and stdout to #outputTextareaStdout1","        ['error', 'log'].forEach(function (key) {","            console[key + '_original'] = console[key];","            console[key] = function () {","                var element;","                console[key + '_original'].apply(console, arguments);","                element = document.querySelector('#outputTextareaStdout1');","                if (!element) {","                    return;","                }","                // append text to #outputTextareaStdout1","                element.value += Array.from(arguments).map(function (arg) {","                    return typeof arg === 'string'","                        ? arg","                        : JSON.stringify(arg, null, 4);","                }).join(' ') + '\\n';","                // scroll textarea to bottom","                element.scrollTop = element.scrollHeight;","            };","        });","        // init event-handling","        ['change', 'click', 'keyup'].forEach(function (event) {","            Array.from(document.querySelectorAll('.on' + event)).forEach(function (element) {","                element.addEventListener(event, local.testRunBrowser);","            });","        });","        // run tests","        local.testRunBrowser();","        break;","","","","    // run node js-env code - post-init","    /* istanbul ignore next */","    case 'node':","        // export local","        module.exports = local;","        // require modules","        local.fs = require('fs');","        local.http = require('http');","        local.url = require('url');","        // init assets","        local.assetsDict = local.assetsDict || {};","        /* jslint-ignore-begin */","        local.assetsDict['/assets.index.template.html'] = '\\","<!doctype html>\\n\\","<html lang=\"en\">\\n\\","<head>\\n\\","<meta charset=\"UTF-8\">\\n\\","<meta name=\"viewport\" content=\"width=device-width, initial-scale=1\">\\n\\","<title>{{env.npm_package_name}} (v{{env.npm_package_version}})</title>\\n\\","<style>\\n\\","/*csslint\\n\\","    box-sizing: false,\\n\\","    universal-selector: false\\n\\","*/\\n\\","* {\\n\\","    box-sizing: border-box;\\n\\","}\\n\\","body {\\n\\","    background: #dde;\\n\\","    font-family: Arial, Helvetica, sans-serif;\\n\\","    margin: 2rem;\\n\\","}\\n\\","body > * {\\n\\","    margin-bottom: 1rem;\\n\\","}\\n\\",".utility2FooterDiv {\\n\\","    margin-top: 20px;\\n\\","    text-align: center;\\n\\","}\\n\\","</style>\\n\\","<style>\\n\\","/*csslint\\n\\","*/\\n\\","textarea {\\n\\","    font-family: monospace;\\n\\","    height: 10rem;\\n\\","    width: 100%;\\n\\","}\\n\\","textarea[readonly] {\\n\\","    background: #ddd;\\n\\","}\\n\\","</style>\\n\\","</head>\\n\\","<body>\\n\\","<!-- utility2-comment\\n\\","<div id=\"ajaxProgressDiv1\" style=\"background: #d00; height: 2px; left: 0; margin: 0; padding: 0; position: fixed; top: 0; transition: background 0.5s, width 1.5s; width: 25%;\"></div>\\n\\","utility2-comment -->\\n\\","<h1>\\n\\","<!-- utility2-comment\\n\\","    <a\\n\\","        {{#if env.npm_package_homepage}}\\n\\","        href=\"{{env.npm_package_homepage}}\"\\n\\","        {{/if env.npm_package_homepage}}\\n\\","        target=\"_blank\"\\n\\","    >\\n\\","utility2-comment -->\\n\\","        {{env.npm_package_name}} (v{{env.npm_package_version}})\\n\\","<!-- utility2-comment\\n\\","    </a>\\n\\","utility2-comment -->\\n\\","</h1>\\n\\","<h3>{{env.npm_package_description}}</h3>\\n\\","<!-- utility2-comment\\n\\","<h4><a download href=\"assets.app.js\">download standalone app</a></h4>\\n\\","<button class=\"onclick onreset\" id=\"testRunButton1\">run internal test</button><br>\\n\\","<div id=\"testReportDiv1\" style=\"display: none;\"></div>\\n\\","utility2-comment -->\\n\\","\\n\\","\\n\\","\\n\\","<label>stderr and stdout</label>\\n\\","<textarea class=\"resettable\" id=\"outputTextareaStdout1\" readonly></textarea>\\n\\","<!-- utility2-comment\\n\\","{{#if isRollup}}\\n\\","<script src=\"assets.app.js\"></script>\\n\\","{{#unless isRollup}}\\n\\","utility2-comment -->\\n\\","<script src=\"assets.utility2.rollup.js\"></script>\\n\\","<script src=\"jsonp.utility2._stateInit?callback=window.utility2._stateInit\"></script>\\n\\","<script src=\"assets.npmtest_t.rollup.js\"></script>\\n\\","<script src=\"assets.example.js\"></script>\\n\\","<script src=\"assets.test.js\"></script>\\n\\","<!-- utility2-comment\\n\\","{{/if isRollup}}\\n\\","utility2-comment -->\\n\\","<div class=\"utility2FooterDiv\">\\n\\","    [ this app was created with\\n\\","    <a href=\"https://github.com/kaizhu256/node-utility2\" target=\"_blank\">utility2</a>\\n\\","    ]\\n\\","</div>\\n\\","</body>\\n\\","</html>\\n\\","';","        /* jslint-ignore-end */","        if (local.templateRender) {","            local.assetsDict['/'] = local.templateRender(","                local.assetsDict['/assets.index.template.html'],","                {","                    env: local.objectSetDefault(local.env, {","                        npm_package_description: 'the greatest app in the world!',","                        npm_package_name: 'my-app',","                        npm_package_nameAlias: 'my_app',","                        npm_package_version: '0.0.1'","                    })","                }","            );","        } else {","            local.assetsDict['/'] = local.assetsDict['/assets.index.template.html']","                .replace((/\\{\\{env\\.(\\w+?)\\}\\}/g), function (match0, match1) {","                    // jslint-hack","                    String(match0);","                    switch (match1) {","                    case 'npm_package_description':","                        return 'the greatest app in the world!';","                    case 'npm_package_name':","                        return 'my-app';","                    case 'npm_package_nameAlias':","                        return 'my_app';","                    case 'npm_package_version':","                        return '0.0.1';","                    }","                });","        }","        // run the cli","        if (local.global.utility2_rollup || module !== require.main) {","            break;","        }","        local.assetsDict['/assets.example.js'] =","            local.assetsDict['/assets.example.js'] ||","            local.fs.readFileSync(__filename, 'utf8');","        local.assetsDict['/assets.npmtest_t.rollup.js'] =","            local.assetsDict['/assets.npmtest_t.rollup.js'] ||","            local.fs.readFileSync(","                // buildCustomOrg-hack","                local.npmtest_t.__dirname +","                    '/lib.npmtest_t.js',","                'utf8'","            ).replace((/^#!/), '//');","        local.assetsDict['/favicon.ico'] = local.assetsDict['/favicon.ico'] || '';","        // if $npm_config_timeout_exit exists,","        // then exit this process after $npm_config_timeout_exit ms","        if (Number(process.env.npm_config_timeout_exit)) {","            setTimeout(process.exit, Number(process.env.npm_config_timeout_exit));","        }","        // start server","        if (local.global.utility2_serverHttp1) {","            break;","        }","        process.env.PORT = process.env.PORT || '8081';","        console.error('server starting on port ' + process.env.PORT);","        local.http.createServer(function (request, response) {","            request.urlParsed = local.url.parse(request.url);","            if (local.assetsDict[request.urlParsed.pathname] !== undefined) {","                response.end(local.assetsDict[request.urlParsed.pathname]);","                return;","            }","            response.statusCode = 404;","            response.end();","        }).listen(process.env.PORT);","        break;","    }","}());",""],"l":{"26":2,"28":2,"33":2,"35":2,"37":2,"38":2,"39":2,"44":1,"51":2,"55":2,"59":2,"61":2,"69":1,"70":2,"76":2,"79":2,"82":2,"83":2,"85":1,"89":2,"92":1,"93":1,"94":1,"96":1,"97":1,"100":1,"101":1,"103":1,"106":1,"108":2,"114":1,"116":1,"118":1,"123":1,"124":2,"125":2,"126":2,"127":2,"128":2,"129":2,"130":1,"133":2,"134":2,"139":2,"143":1,"144":3,"145":1,"149":1,"150":1,"158":1,"160":1,"161":1,"162":1,"164":1,"166":1,"258":1,"259":1,"271":1,"274":6,"275":6,"277":1,"279":2,"281":1,"283":2,"288":1,"289":1,"291":1,"294":1,"302":1,"305":1,"306":1,"309":1,"310":1,"312":1,"313":1,"314":1,"315":1,"316":1,"317":1,"318":1,"320":1,"321":1,"323":1}},"/home/travis/build/npmtest/node-npmtest-t/t/t.js":{"path":"/home/travis/build/npmtest/node-npmtest-t/t/t.js","s":{"1":1,"2":1,"3":0,"4":0,"5":1,"6":1,"7":1,"8":1,"9":0,"10":1,"11":0,"12":0,"13":0,"14":0,"15":0,"16":0,"17":0,"18":0,"19":0,"20":0,"21":0,"22":0,"23":0,"24":0,"25":0,"26":0,"27":0,"28":1,"29":0,"30":0,"31":0,"32":0,"33":0,"34":0,"35":0,"36":0,"37":0,"38":0,"39":0,"40":0,"41":0,"42":0,"43":0,"44":0,"45":0,"46":0,"47":0,"48":0,"49":1,"50":0,"51":0,"52":0,"53":0,"54":0,"55":0,"56":0,"57":0,"58":0,"59":0,"60":0,"61":0,"62":0,"63":0,"64":0,"65":0,"66":0,"67":0,"68":0,"69":0,"70":0,"71":0,"72":0,"73":0,"74":1,"75":0,"76":0,"77":1,"78":0,"79":0,"80":0,"81":0,"82":0,"83":0,"84":0,"85":0,"86":0,"87":1,"88":0,"89":0,"90":0,"91":0,"92":0,"93":0,"94":1,"95":0,"96":0,"97":0,"98":0,"99":0,"100":0,"101":0,"102":0,"103":0,"104":0,"105":0,"106":0,"107":0,"108":0,"109":0,"110":0,"111":0,"112":0,"113":0},"b":{"1":[0,0],"2":[1,0],"3":[1,0],"4":[1,1],"5":[0,0],"6":[0,0],"7":[0,0],"8":[0,0],"9":[0,0],"10":[0,0],"11":[0,0],"12":[0,0],"13":[0,0],"14":[0,0],"15":[0,0],"16":[0,0],"17":[0,0],"18":[0,0],"19":[0,0],"20":[0,0],"21":[0,0],"22":[0,0],"23":[0,0],"24":[0,0],"25":[0,0],"26":[0,0],"27":[0,0],"28":[0,0],"29":[0,0],"30":[0,0],"31":[0,0],"32":[0,0],"33":[0,0],"34":[0,0],"35":[0,0],"36":[0,0],"37":[0,0],"38":[0,0],"39":[0,0],"40":[0,0],"41":[0,0],"42":[0,0],"43":[0,0],"44":[0,0,0],"45":[0,0],"46":[0,0],"47":[0,0],"48":[0,0],"49":[0,0],"50":[0,0],"51":[0,0],"52":[0,0]},"f":{"1":1,"2":0,"3":0,"4":0,"5":0,"6":0,"7":0,"8":0,"9":0,"10":0,"11":0,"12":0,"13":0,"14":0,"15":0,"16":0},"fnMap":{"1":{"name":"(anonymous_1)","line":43,"loc":{"start":{"line":43,"column":1},"end":{"line":43,"column":12}}},"2":{"name":"(anonymous_2)","line":56,"loc":{"start":{"line":56,"column":14},"end":{"line":56,"column":26}}},"3":{"name":"(anonymous_3)","line":59,"loc":{"start":{"line":59,"column":22},"end":{"line":59,"column":40}}},"4":{"name":"(anonymous_4)","line":97,"loc":{"start":{"line":97,"column":8},"end":{"line":97,"column":23}}},"5":{"name":"(anonymous_5)","line":164,"loc":{"start":{"line":164,"column":8},"end":{"line":164,"column":23}}},"6":{"name":"(anonymous_6)","line":228,"loc":{"start":{"line":228,"column":8},"end":{"line":228,"column":19}}},"7":{"name":"(anonymous_7)","line":235,"loc":{"start":{"line":235,"column":15},"end":{"line":235,"column":27}}},"8":{"name":"(anonymous_8)","line":239,"loc":{"start":{"line":239,"column":24},"end":{"line":239,"column":47}}},"9":{"name":"(anonymous_9)","line":308,"loc":{"start":{"line":308,"column":11},"end":{"line":308,"column":26}}},"10":{"name":"(anonymous_10)","line":343,"loc":{"start":{"line":343,"column":11},"end":{"line":343,"column":34}}},"11":{"name":"(anonymous_11)","line":350,"loc":{"start":{"line":350,"column":14},"end":{"line":350,"column":26}}},"12":{"name":"(anonymous_12)","line":352,"loc":{"start":{"line":352,"column":25},"end":{"line":352,"column":52}}},"13":{"name":"(anonymous_13)","line":391,"loc":{"start":{"line":391,"column":9},"end":{"line":391,"column":26}}},"14":{"name":"(anonymous_14)","line":396,"loc":{"start":{"line":396,"column":24},"end":{"line":396,"column":50}}},"15":{"name":"(anonymous_15)","line":410,"loc":{"start":{"line":410,"column":16},"end":{"line":410,"column":50}}},"16":{"name":"(anonymous_16)","line":412,"loc":{"start":{"line":412,"column":15},"end":{"line":412,"column":27}}}},"statementMap":{"1":{"start":{"line":43,"column":0},"end":{"line":456,"column":5}},"2":{"start":{"line":53,"column":0},"end":{"line":61,"column":6}},"3":{"start":{"line":57,"column":8},"end":{"line":57,"column":70}},"4":{"start":{"line":60,"column":8},"end":{"line":60,"column":49}},"5":{"start":{"line":63,"column":0},"end":{"line":69,"column":1}},"6":{"start":{"line":64,"column":4},"end":{"line":65,"column":37}},"7":{"start":{"line":65,"column":8},"end":{"line":65,"column":37}},"8":{"start":{"line":66,"column":4},"end":{"line":66,"column":18}},"9":{"start":{"line":68,"column":4},"end":{"line":68,"column":15}},"10":{"start":{"line":97,"column":0},"end":{"line":128,"column":2}},"11":{"start":{"line":99,"column":4},"end":{"line":104,"column":47}},"12":{"start":{"line":106,"column":4},"end":{"line":106,"column":34}},"13":{"start":{"line":106,"column":22},"end":{"line":106,"column":34}},"14":{"start":{"line":108,"column":4},"end":{"line":114,"column":5}},"15":{"start":{"line":109,"column":8},"end":{"line":109,"column":30}},"16":{"start":{"line":110,"column":8},"end":{"line":110,"column":32}},"17":{"start":{"line":112,"column":8},"end":{"line":112,"column":20}},"18":{"start":{"line":113,"column":8},"end":{"line":113,"column":32}},"19":{"start":{"line":116,"column":4},"end":{"line":125,"column":5}},"20":{"start":{"line":117,"column":8},"end":{"line":117,"column":28}},"21":{"start":{"line":118,"column":8},"end":{"line":118,"column":30}},"22":{"start":{"line":119,"column":8},"end":{"line":119,"column":37}},"23":{"start":{"line":120,"column":8},"end":{"line":120,"column":43}},"24":{"start":{"line":121,"column":8},"end":{"line":124,"column":9}},"25":{"start":{"line":122,"column":12},"end":{"line":122,"column":36}},"26":{"start":{"line":123,"column":12},"end":{"line":123,"column":30}},"27":{"start":{"line":127,"column":4},"end":{"line":127,"column":16}},"28":{"start":{"line":164,"column":0},"end":{"line":201,"column":2}},"29":{"start":{"line":165,"column":4},"end":{"line":171,"column":47}},"30":{"start":{"line":172,"column":4},"end":{"line":172,"column":70}},"31":{"start":{"line":172,"column":63},"end":{"line":172,"column":70}},"32":{"start":{"line":174,"column":4},"end":{"line":177,"column":5}},"33":{"start":{"line":175,"column":8},"end":{"line":175,"column":53}},"34":{"start":{"line":176,"column":8},"end":{"line":176,"column":43}},"35":{"start":{"line":180,"column":4},"end":{"line":181,"column":32}},"36":{"start":{"line":181,"column":8},"end":{"line":181,"column":32}},"37":{"start":{"line":183,"column":4},"end":{"line":198,"column":5}},"38":{"start":{"line":184,"column":8},"end":{"line":184,"column":26}},"39":{"start":{"line":185,"column":8},"end":{"line":185,"column":28}},"40":{"start":{"line":187,"column":8},"end":{"line":187,"column":18}},"41":{"start":{"line":188,"column":8},"end":{"line":188,"column":43}},"42":{"start":{"line":190,"column":8},"end":{"line":190,"column":29}},"43":{"start":{"line":190,"column":23},"end":{"line":190,"column":29}},"44":{"start":{"line":192,"column":8},"end":{"line":192,"column":70}},"45":{"start":{"line":194,"column":8},"end":{"line":197,"column":9}},"46":{"start":{"line":195,"column":12},"end":{"line":195,"column":36}},"47":{"start":{"line":196,"column":12},"end":{"line":196,"column":30}},"48":{"start":{"line":200,"column":4},"end":{"line":200,"column":16}},"49":{"start":{"line":228,"column":0},"end":{"line":278,"column":2}},"50":{"start":{"line":229,"column":4},"end":{"line":237,"column":47}},"51":{"start":{"line":235,"column":29},"end":{"line":235,"column":50}},"52":{"start":{"line":239,"column":4},"end":{"line":275,"column":7}},"53":{"start":{"line":240,"column":8},"end":{"line":241,"column":75}},"54":{"start":{"line":243,"column":8},"end":{"line":252,"column":9}},"55":{"start":{"line":244,"column":12},"end":{"line":244,"column":31}},"56":{"start":{"line":245,"column":12},"end":{"line":250,"column":13}},"57":{"start":{"line":246,"column":16},"end":{"line":246,"column":34}},"58":{"start":{"line":247,"column":16},"end":{"line":249,"column":55}},"59":{"start":{"line":249,"column":20},"end":{"line":249,"column":55}},"60":{"start":{"line":251,"column":12},"end":{"line":251,"column":19}},"61":{"start":{"line":254,"column":8},"end":{"line":269,"column":9}},"62":{"start":{"line":255,"column":12},"end":{"line":258,"column":30}},"63":{"start":{"line":256,"column":16},"end":{"line":256,"column":34}},"64":{"start":{"line":258,"column":16},"end":{"line":258,"column":30}},"65":{"start":{"line":261,"column":12},"end":{"line":261,"column":54}},"66":{"start":{"line":263,"column":12},"end":{"line":268,"column":13}},"67":{"start":{"line":264,"column":16},"end":{"line":264,"column":34}},"68":{"start":{"line":265,"column":16},"end":{"line":267,"column":55}},"69":{"start":{"line":267,"column":20},"end":{"line":267,"column":55}},"70":{"start":{"line":271,"column":8},"end":{"line":274,"column":9}},"71":{"start":{"line":272,"column":12},"end":{"line":272,"column":39}},"72":{"start":{"line":273,"column":12},"end":{"line":273,"column":51}},"73":{"start":{"line":277,"column":4},"end":{"line":277,"column":15}},"74":{"start":{"line":308,"column":0},"end":{"line":316,"column":2}},"75":{"start":{"line":309,"column":4},"end":{"line":311,"column":49}},"76":{"start":{"line":312,"column":4},"end":{"line":315,"column":20}},"77":{"start":{"line":343,"column":0},"end":{"line":365,"column":2}},"78":{"start":{"line":344,"column":4},"end":{"line":350,"column":77}},"79":{"start":{"line":350,"column":28},"end":{"line":350,"column":74}},"80":{"start":{"line":352,"column":4},"end":{"line":364,"column":7}},"81":{"start":{"line":353,"column":8},"end":{"line":353,"column":29}},"82":{"start":{"line":355,"column":8},"end":{"line":355,"column":31}},"83":{"start":{"line":357,"column":8},"end":{"line":362,"column":31}},"84":{"start":{"line":359,"column":12},"end":{"line":360,"column":52}},"85":{"start":{"line":360,"column":16},"end":{"line":360,"column":52}},"86":{"start":{"line":362,"column":12},"end":{"line":362,"column":31}},"87":{"start":{"line":391,"column":0},"end":{"line":404,"column":2}},"88":{"start":{"line":392,"column":4},"end":{"line":395,"column":49}},"89":{"start":{"line":396,"column":4},"end":{"line":401,"column":7}},"90":{"start":{"line":397,"column":8},"end":{"line":400,"column":9}},"91":{"start":{"line":398,"column":12},"end":{"line":398,"column":29}},"92":{"start":{"line":399,"column":12},"end":{"line":399,"column":25}},"93":{"start":{"line":403,"column":4},"end":{"line":403,"column":17}},"94":{"start":{"line":410,"column":0},"end":{"line":454,"column":2}},"95":{"start":{"line":411,"column":4},"end":{"line":419,"column":47}},"96":{"start":{"line":412,"column":29},"end":{"line":412,"column":50}},"97":{"start":{"line":421,"column":4},"end":{"line":451,"column":5}},"98":{"start":{"line":422,"column":8},"end":{"line":422,"column":26}},"99":{"start":{"line":423,"column":8},"end":{"line":423,"column":24}},"100":{"start":{"line":425,"column":8},"end":{"line":434,"column":9}},"101":{"start":{"line":426,"column":12},"end":{"line":433,"column":13}},"102":{"start":{"line":427,"column":16},"end":{"line":431,"column":19}},"103":{"start":{"line":432,"column":16},"end":{"line":432,"column":25}},"104":{"start":{"line":436,"column":8},"end":{"line":436,"column":18}},"105":{"start":{"line":437,"column":8},"end":{"line":437,"column":36}},"106":{"start":{"line":438,"column":8},"end":{"line":450,"column":9}},"107":{"start":{"line":439,"column":12},"end":{"line":439,"column":77}},"108":{"start":{"line":440,"column":12},"end":{"line":440,"column":24}},"109":{"start":{"line":442,"column":12},"end":{"line":442,"column":74}},"110":{"start":{"line":443,"column":12},"end":{"line":443,"column":24}},"111":{"start":{"line":444,"column":12},"end":{"line":449,"column":19}},"112":{"start":{"line":445,"column":16},"end":{"line":449,"column":19}},"113":{"start":{"line":453,"column":4},"end":{"line":453,"column":15}}},"branchMap":{"1":{"line":60,"type":"binary-expr","locations":[{"start":{"line":60,"column":15},"end":{"line":60,"column":34}},{"start":{"line":60,"column":38},"end":{"line":60,"column":48}}]},"2":{"line":63,"type":"if","locations":[{"start":{"line":63,"column":0},"end":{"line":63,"column":0}},{"start":{"line":63,"column":0},"end":{"line":63,"column":0}}]},"3":{"line":64,"type":"if","locations":[{"start":{"line":64,"column":4},"end":{"line":64,"column":4}},{"start":{"line":64,"column":4},"end":{"line":64,"column":4}}]},"4":{"line":64,"type":"binary-expr","locations":[{"start":{"line":64,"column":8},"end":{"line":64,"column":37}},{"start":{"line":64,"column":41},"end":{"line":64,"column":55}}]},"5":{"line":101,"type":"cond-expr","locations":[{"start":{"line":101,"column":31},"end":{"line":101,"column":43}},{"start":{"line":101,"column":46},"end":{"line":101,"column":48}}]},"6":{"line":102,"type":"cond-expr","locations":[{"start":{"line":102,"column":31},"end":{"line":102,"column":44}},{"start":{"line":102,"column":47},"end":{"line":102,"column":53}}]},"7":{"line":106,"type":"if","locations":[{"start":{"line":106,"column":4},"end":{"line":106,"column":4}},{"start":{"line":106,"column":4},"end":{"line":106,"column":4}}]},"8":{"line":108,"type":"if","locations":[{"start":{"line":108,"column":4},"end":{"line":108,"column":4}},{"start":{"line":108,"column":4},"end":{"line":108,"column":4}}]},"9":{"line":120,"type":"binary-expr","locations":[{"start":{"line":120,"column":19},"end":{"line":120,"column":36}},{"start":{"line":120,"column":40},"end":{"line":120,"column":42}}]},"10":{"line":167,"type":"cond-expr","locations":[{"start":{"line":167,"column":31},"end":{"line":167,"column":54}},{"start":{"line":167,"column":57},"end":{"line":167,"column":63}}]},"11":{"line":168,"type":"cond-expr","locations":[{"start":{"line":168,"column":31},"end":{"line":168,"column":43}},{"start":{"line":168,"column":46},"end":{"line":168,"column":48}}]},"12":{"line":169,"type":"cond-expr","locations":[{"start":{"line":169,"column":43},"end":{"line":169,"column":44}},{"start":{"line":169,"column":47},"end":{"line":169,"column":48}}]},"13":{"line":172,"type":"if","locations":[{"start":{"line":172,"column":4},"end":{"line":172,"column":4}},{"start":{"line":172,"column":4},"end":{"line":172,"column":4}}]},"14":{"line":172,"type":"binary-expr","locations":[{"start":{"line":172,"column":8},"end":{"line":172,"column":39}},{"start":{"line":172,"column":43},"end":{"line":172,"column":61}}]},"15":{"line":174,"type":"if","locations":[{"start":{"line":174,"column":4},"end":{"line":174,"column":4}},{"start":{"line":174,"column":4},"end":{"line":174,"column":4}}]},"16":{"line":176,"type":"cond-expr","locations":[{"start":{"line":176,"column":30},"end":{"line":176,"column":33}},{"start":{"line":176,"column":36},"end":{"line":176,"column":42}}]},"17":{"line":190,"type":"if","locations":[{"start":{"line":190,"column":8},"end":{"line":190,"column":8}},{"start":{"line":190,"column":8},"end":{"line":190,"column":8}}]},"18":{"line":192,"type":"cond-expr","locations":[{"start":{"line":192,"column":47},"end":{"line":192,"column":64}},{"start":{"line":192,"column":67},"end":{"line":192,"column":69}}]},"19":{"line":192,"type":"binary-expr","locations":[{"start":{"line":192,"column":20},"end":{"line":192,"column":23}},{"start":{"line":192,"column":27},"end":{"line":192,"column":44}}]},"20":{"line":231,"type":"cond-expr","locations":[{"start":{"line":231,"column":31},"end":{"line":231,"column":43}},{"start":{"line":231,"column":46},"end":{"line":231,"column":48}}]},"21":{"line":233,"type":"cond-expr","locations":[{"start":{"line":233,"column":46},"end":{"line":233,"column":47}},{"start":{"line":233,"column":50},"end":{"line":233,"column":51}}]},"22":{"line":234,"type":"cond-expr","locations":[{"start":{"line":234,"column":29},"end":{"line":234,"column":31}},{"start":{"line":234,"column":34},"end":{"line":234,"column":43}}]},"23":{"line":241,"type":"cond-expr","locations":[{"start":{"line":241,"column":48},"end":{"line":241,"column":61}},{"start":{"line":241,"column":64},"end":{"line":241,"column":73}}]},"24":{"line":243,"type":"if","locations":[{"start":{"line":243,"column":8},"end":{"line":243,"column":8}},{"start":{"line":243,"column":8},"end":{"line":243,"column":8}}]},"25":{"line":243,"type":"binary-expr","locations":[{"start":{"line":243,"column":12},"end":{"line":243,"column":18}},{"start":{"line":243,"column":22},"end":{"line":243,"column":31}}]},"26":{"line":245,"type":"if","locations":[{"start":{"line":245,"column":12},"end":{"line":245,"column":12}},{"start":{"line":245,"column":12},"end":{"line":245,"column":12}}]},"27":{"line":245,"type":"binary-expr","locations":[{"start":{"line":245,"column":16},"end":{"line":245,"column":25}},{"start":{"line":245,"column":29},"end":{"line":245,"column":66}}]},"28":{"line":247,"type":"if","locations":[{"start":{"line":247,"column":16},"end":{"line":247,"column":16}},{"start":{"line":247,"column":16},"end":{"line":247,"column":16}}]},"29":{"line":247,"type":"binary-expr","locations":[{"start":{"line":247,"column":20},"end":{"line":247,"column":47}},{"start":{"line":248,"column":24},"end":{"line":248,"column":60}}]},"30":{"line":254,"type":"if","locations":[{"start":{"line":254,"column":8},"end":{"line":254,"column":8}},{"start":{"line":254,"column":8},"end":{"line":254,"column":8}}]},"31":{"line":255,"type":"if","locations":[{"start":{"line":255,"column":12},"end":{"line":255,"column":12}},{"start":{"line":255,"column":12},"end":{"line":255,"column":12}}]},"32":{"line":263,"type":"if","locations":[{"start":{"line":263,"column":12},"end":{"line":263,"column":12}},{"start":{"line":263,"column":12},"end":{"line":263,"column":12}}]},"33":{"line":265,"type":"if","locations":[{"start":{"line":265,"column":16},"end":{"line":265,"column":16}},{"start":{"line":265,"column":16},"end":{"line":265,"column":16}}]},"34":{"line":265,"type":"binary-expr","locations":[{"start":{"line":265,"column":20},"end":{"line":265,"column":47}},{"start":{"line":266,"column":24},"end":{"line":266,"column":60}}]},"35":{"line":271,"type":"if","locations":[{"start":{"line":271,"column":8},"end":{"line":271,"column":8}},{"start":{"line":271,"column":8},"end":{"line":271,"column":8}}]},"36":{"line":271,"type":"binary-expr","locations":[{"start":{"line":271,"column":12},"end":{"line":271,"column":27}},{"start":{"line":271,"column":31},"end":{"line":271,"column":53}}]},"37":{"line":310,"type":"cond-expr","locations":[{"start":{"line":310,"column":47},"end":{"line":310,"column":48}},{"start":{"line":310,"column":51},"end":{"line":310,"column":52}}]},"38":{"line":311,"type":"cond-expr","locations":[{"start":{"line":311,"column":31},"end":{"line":311,"column":43}},{"start":{"line":311,"column":46},"end":{"line":311,"column":48}}]},"39":{"line":346,"type":"cond-expr","locations":[{"start":{"line":346,"column":45},"end":{"line":346,"column":46}},{"start":{"line":346,"column":49},"end":{"line":346,"column":50}}]},"40":{"line":347,"type":"cond-expr","locations":[{"start":{"line":347,"column":31},"end":{"line":347,"column":43}},{"start":{"line":347,"column":46},"end":{"line":347,"column":48}}]},"41":{"line":349,"type":"cond-expr","locations":[{"start":{"line":349,"column":33},"end":{"line":349,"column":57}},{"start":{"line":349,"column":60},"end":{"line":349,"column":67}}]},"42":{"line":350,"type":"cond-expr","locations":[{"start":{"line":350,"column":61},"end":{"line":350,"column":62}},{"start":{"line":350,"column":65},"end":{"line":350,"column":73}}]},"43":{"line":357,"type":"if","locations":[{"start":{"line":357,"column":8},"end":{"line":357,"column":8}},{"start":{"line":357,"column":8},"end":{"line":357,"column":8}}]},"44":{"line":357,"type":"binary-expr","locations":[{"start":{"line":357,"column":12},"end":{"line":357,"column":17}},{"start":{"line":357,"column":21},"end":{"line":357,"column":26}},{"start":{"line":358,"column":16},"end":{"line":358,"column":69}}]},"45":{"line":394,"type":"cond-expr","locations":[{"start":{"line":394,"column":45},"end":{"line":394,"column":46}},{"start":{"line":394,"column":49},"end":{"line":394,"column":50}}]},"46":{"line":395,"type":"cond-expr","locations":[{"start":{"line":395,"column":31},"end":{"line":395,"column":43}},{"start":{"line":395,"column":46},"end":{"line":395,"column":48}}]},"47":{"line":397,"type":"if","locations":[{"start":{"line":397,"column":8},"end":{"line":397,"column":8}},{"start":{"line":397,"column":8},"end":{"line":397,"column":8}}]},"48":{"line":425,"type":"if","locations":[{"start":{"line":425,"column":8},"end":{"line":425,"column":8}},{"start":{"line":425,"column":8},"end":{"line":425,"column":8}}]},"49":{"line":425,"type":"binary-expr","locations":[{"start":{"line":425,"column":12},"end":{"line":425,"column":30}},{"start":{"line":425,"column":34},"end":{"line":425,"column":59}}]},"50":{"line":426,"type":"if","locations":[{"start":{"line":426,"column":12},"end":{"line":426,"column":12}},{"start":{"line":426,"column":12},"end":{"line":426,"column":12}}]},"51":{"line":438,"type":"if","locations":[{"start":{"line":438,"column":8},"end":{"line":438,"column":8}},{"start":{"line":438,"column":8},"end":{"line":438,"column":8}}]},"52":{"line":444,"type":"if","locations":[{"start":{"line":444,"column":12},"end":{"line":444,"column":12}},{"start":{"line":444,"column":12},"end":{"line":444,"column":12}}]}},"code":["// version 0.5.1 ([source](https://github.com/aaronj1335/t-js))","//","// t-js is freely distributable under the MIT license","//","// <a href=\"https://travis-ci.org/aaronj1335/t-js\" target=_blank>","//   <img src=\"https://api.travis-ci.org/aaronj1335/t-js.png?branch=master\">","// </a>","//","","// overview","// ========","// t.js is a tree-traversal library.  its only assumption is that the trees it","// traverses are made up of objects with 'children' arrays:","//","//      {","//          children: [","//              { },","//              {","//                  children: [","//                      { },","//                      { }","//                  ]","//              }","//          ]","//      }","//","//  the actual property name is configurable. the traversals are entirely","//  non-recursive, including the post-order traversal and `map()` functions,","//  and it works inside the browser or out.","//","// testing","// -------","// there's a bunch of tests in `test/test.js`. you can run them along with the","// linter with:","//","//     $ npm install && npm test","//","// or view them on most any system with a modern browser by opening the","// `index.html` file.","//","// documentation is generated with the `grunt docs` target.","//","(function() {","","","// usage","// -----","// the `t` interface is exported in either the browser or node.js. the library","// can be installed from [npm](http://search.npmjs.org/#/t):","//","//     $ npm install t","//","var _dfsPostOrder,","    t = {},","    root = this,","    isArray = function(o) {","        return Object.prototype.toString.call(o) === '[object Array]';","    },","    getChildrenName = function (config) {","        return config.childrenName || 'children';","    };","","if (typeof exports !== 'undefined') {","    if (typeof module !== 'undefined' && module.exports)","        exports = module.exports = t;","    exports.t = t;","} else {","    root.t = t;","}","","","// available functions","// ===================","","// t.bfs()","// -------","// perform a breadth-first search, executing the given callback at each node.","//","//      t.bfs(node, [config], function(node, par, ctrl) {","//          /* ... */","//      })","//","// - `node`:","//      object where the search will start.  this could also be an array of","//      objects","// - `config`:","//      you can define the name of the children property with","//      `config.childrenName` (shoutout to @GianlucaGuarini)","// - `callback` (last argument):","//      function to be executed at each node.  the arguments are:","//      - `node`: the current node","//      - `par`: the current node's parent","//      - `ctrl`: control object.  this doesn't currently do anything.","//","//  returns: the first `node` argument","//","t.bfs = function(node) {","","    var cur, callback, i, length, par, children,","        isConfigSet = arguments.length === 3,","        config = isConfigSet ? arguments[1] : {},","        queue = isArray(node)? node.slice(0) : [node],","        parents = [undefined],","        childrenName = getChildrenName(config);","","    if (node == null) return node;","","    if (arguments.length >= 3) {","        config = arguments[1];","        callback = arguments[2];","    } else {","        config = {};","        callback = arguments[1];","    }","","    while (queue.length) {","        cur = queue.shift();","        par = parents.shift();","        callback.call(cur, cur, par);","        children = cur[childrenName] || [];","        for (i = 0, length = children.length; i < length; i++) {","            queue.push(children[i]);","            parents.push(cur);","        }","    }","","    return node;","};","","// t.dfs()","// -------","// perform a depth-first search, executing the given callback at each node.","//","//      t.dfs(node, [config], function(node, par, ctrl) {","//          /* ... */","//      })","//","//  in the pre-order case, `dfs()` doesn't process child nodes until after the","//  callback.  so if you need to traverse an unknown tree, say a directory","//  structure, you can start with just the root, and add child nodes as you go","//  by appending them to `this.children` in the callback function.","//","// - `node`:","//      object where the search will start.  this could also be an array of","//      objects","// - `config`:","//      if this is an object w/ the 'order' property set to 'post', a","//      post-order traversal will be performed.  this is generally worse","//      performance, but the `callback` has access to the return values of its","//      child nodes. you can define the name of the children property with","//      `config.childrenName`","// - `callback` (last argument):","//      function to be executed at each node.  the arguments are:","//      - `node`: the current node","//      - `par`: the current node's parent","//      - `ctrl`: control object.  setting the `stop` property of this will end","//      the search, setting the `cutoff` property of this will not visit any","//      children of this node","//      - `ret`: return values of child nodes.  this is only set if `dfs()` is","//      called with the `order` property set to `post`.","//","//  returns: the first `node` argument","//","t.dfs = function(node) {","    var cur, par, children, ctrl, i, ret,","        isConfigSet = arguments.length === 3,","        nodes = isArray(node)? node.slice(0).reverse() : [node],","        config = isConfigSet ? arguments[1] : {},","        callback = arguments[isConfigSet ? 2 : 1],","        parents = [],","        childrenName = getChildrenName(config);","    if (typeof nodes[0] === 'undefined' && nodes.length === 1) return;","","    if (config.order === 'post') {","        ret = _dfsPostOrder(nodes, config, callback);","        return isArray(node)? ret : ret[0];","    }","","","    for (i = nodes.length-1; i >= 0; i--)","        parents.push(undefined);","","    while (nodes.length > 0) {","        cur = nodes.pop();","        par = parents.pop();","","        ctrl = {};","        callback.call(cur, cur, par, ctrl);","","        if (ctrl.stop) break;","","        children = (cur && cur[childrenName])? cur[childrenName] : [];","","        for (i = ctrl.cutoff? -1 : children.length-1; i >= 0; i--) {","            nodes.push(children[i]);","            parents.push(cur);","        }","    }","","    return node;","};","","// t.map()","// -------","// given a tree, return a tree of the same structure made up of the objects","// returned by the callback which is executed at each node.  think of the","// `underscore`'s `_.map()` function, or python's `map()`","//","//      t.map(node, [config], function(node, par) {","//          /* ... */","//      })","//","// - `node`:","//      object where the traversal will start.  this could also be an array of","//      objects","// - `config`:","//      you can define the name of the children property with","//      `config.childrenName`","// - `callback` (last argument):","//      function to be executed at each node.  this must return an object.  the","//      `map` function takes care of setting children.  the arguments are:","//      - `node`: the current node","//      - `par`: the current node's parent. note that this is the parent from","//      the new tree that's being created.","//","//  returns: a new tree, mapped by the callback function","//","t.map = function() {","    var node = arguments[0],","        isConfigSet = arguments.length === 3,","        config = isConfigSet ? arguments[1] : {},","        filter = config.filter,","        nodeFactory = arguments[isConfigSet ? 2 : 1],","        ret = isArray(node)? [] : undefined,","        last = function(l) { return l[l.length-1]; },","        parentStack = [],","        childrenName = getChildrenName(config);","","    t.dfs(node, config, function(n, par, ctrl) {","        var curParent = last(parentStack),","            newNode = nodeFactory(n, curParent? curParent.ret : undefined);","","        if (filter && ! newNode) {","            ctrl.cutoff = true;","            if (curParent && n === last(curParent.n[childrenName])) {","                parentStack.pop();","                if (curParent.ret[childrenName] &&","                        ! curParent.ret[childrenName].length)","                    delete curParent.ret[childrenName];","            }","            return;","        }","","        if (! par) {","            if (isArray(node))","                ret.push(newNode);","            else","                ret = newNode;","","        } else {","            curParent.ret[childrenName].push(newNode);","","            if (n === last(curParent.n[childrenName])) {","                parentStack.pop();","                if (curParent.ret[childrenName] &&","                        ! curParent.ret[childrenName].length)","                    delete curParent.ret[childrenName];","            }","        }","","        if (n[childrenName] && n[childrenName].length) {","            newNode[childrenName] = [];","            parentStack.push({n: n, ret: newNode});","        }","    });","","    return ret;","};","","// t.filter()","// ----------","// given a tree, return a tree of the same structure made up of the objects","// returned by the callback which is executed at each node.  if, however, at a","// given node the callback returns a falsy value, then the current node and all","// of its descendents will be pruned from the output tree.","//","//      t.filter(node, [config], function(node, par) {","//          /* ... */","//      })","//","// - `node`:","//      object where the traversal will start.  this could also be an array of","//      objects","// - `config`:","//      you can define the name of the children property with","//      `config.childrenName`","// - `callback` (last argument):","//      function to be executed at each node.  this must return an object or a","//      falsy value if the output tree should be pruned from the current node","//      down.  the `filter` function takes care of setting children.  the","//      arguments are:","//      - `node`: the current node","//      - `par`: the current node's parent. note that this is the parent from","//      the new tree that's being created.","//","// returns: a new tree, filtered by the callback function","//","t.filter = function(node) {","    var isConfigSet = arguments.length === 3,","        nodeFactory =  arguments[isConfigSet ? 2 : 1],","        config = isConfigSet ? arguments[1] : {};","    return t.map(node, {","        filter: true,","        childrenName: config.childrenName","    }, nodeFactory);","};","","// t.stroll()","// ----------","//","// _a walk through the trees..._","//","// given two trees of similar structure, traverse both trees at the same time,","// executing the given callback with the pair of corresponding nodes as","// arguments.","//","//      t.stroll(tree1, tree2, [config], function(node1, node2) {","//          /* ... */","//      })","//","// - `tree1`:","//      the first tree of the traversal","// - `node2`:","//      the second tree of the traversal","// - `config`:","//      you can define the name of the children property with","//      `config.childrenName`","// - `callback` (last argument):","//      function to be executed at each node. the arguments are:","//      - `node1`: the node from the first tree","//      - `node2`: the node from the second tree","//","t.stroll = function(tree1, tree2) {","    var i, node2,","        isConfigSet = arguments.length === 4,","        callback =  arguments[ isConfigSet ? 3 : 2],","        config = isConfigSet ? arguments[2] : {},","        childrenName = getChildrenName(config),","        nodes2 = isArray(tree2)? tree2.slice(0).reverse() : [tree2],","        len = function(a) { return typeof a === 'undefined'? 0 : a.length; };","","    t.dfs(tree1, config, function(node1, par, ctrl) {","        node2 = nodes2.pop();","","        callback(node1, node2);","","        if (node1 && node2 &&","                len(node1[childrenName]) === len(node2[childrenName]))","            for (i = (node2[childrenName] || []).length-1; i >= 0; i--)","                nodes2.push(node2[childrenName][i]);","        else","            ctrl.cutoff = true;","","    });","};","","// t.find()","// ----------","//","// given a tree and a truth test, return the first node that responds with a","// truthy value","//","//      t.find(tree, [config], function(node, par) {","//          /* ... */","//      })","//","// - `tree`:","//      the tree in which to find the node","// - `config`:","//      you can define the name of the children property with","//      `config.childrenName`","// - `callback` (last argument):","//      function to be executed at each node. if this function returns a truthy","//      value, the traversal will stop and `find` will return the current node.","//      the arguments are:","//      - `node`: the current node","//      - `par`: the parent of the current node","//","// returns: the found node","//","t.find = function( tree ) {","    var found,","        isConfigSet = arguments.length === 3,","        callback =  arguments[ isConfigSet ? 2 : 1],","        config = isConfigSet ? arguments[1] : {};","    t.dfs(tree, config, function(node, par, ctrl) {","        if (callback.call(node, node, par)) {","            ctrl.stop = true;","            found = this;","        }","    });","","    return found;","};","","// _dfsPostOrder()","// -----------------","//","// this is a module-private function used by `dfs()`","_dfsPostOrder = function(nodes, config, callback) {","    var cur, par, ctrl, node,","        last = function(l) { return l[l.length-1]; },","        ret = [],","        stack = [{","            node: nodes.pop(),","            index: 0,","            ret: []","        }],","        childrenName = getChildrenName(config);","","    while (stack.length) {","        cur = last(stack);","        node = cur.node;","","        if (node[childrenName] && node[childrenName].length) {","            if (cur.index < node[childrenName].length) {","                stack.push({","                    node: node[childrenName][cur.index++],","                    index: 0,","                    ret: []","                });","                continue;","            }","        }","","        ctrl = {};","        par = stack[stack.length-2];","        if (par) {","            par.ret.push(callback.call(node, node, par.node, ctrl, cur.ret));","            stack.pop();","        } else {","            ret.push(callback.call(node, node, undefined, ctrl, cur.ret));","            stack.pop();","            if (nodes.length)","                stack.push({","                    node: nodes.pop(),","                    index: 0,","                    ret: []","                });","        }","    }","","    return ret;","};","","}());",""],"l":{"43":1,"53":1,"57":0,"60":0,"63":1,"64":1,"65":1,"66":1,"68":0,"97":1,"99":0,"106":0,"108":0,"109":0,"110":0,"112":0,"113":0,"116":0,"117":0,"118":0,"119":0,"120":0,"121":0,"122":0,"123":0,"127":0,"164":1,"165":0,"172":0,"174":0,"175":0,"176":0,"180":0,"181":0,"183":0,"184":0,"185":0,"187":0,"188":0,"190":0,"192":0,"194":0,"195":0,"196":0,"200":0,"228":1,"229":0,"235":0,"239":0,"240":0,"243":0,"244":0,"245":0,"246":0,"247":0,"249":0,"251":0,"254":0,"255":0,"256":0,"258":0,"261":0,"263":0,"264":0,"265":0,"267":0,"271":0,"272":0,"273":0,"277":0,"308":1,"309":0,"312":0,"343":1,"344":0,"350":0,"352":0,"353":0,"355":0,"357":0,"359":0,"360":0,"362":0,"391":1,"392":0,"396":0,"397":0,"398":0,"399":0,"403":0,"410":1,"411":0,"412":0,"421":0,"422":0,"423":0,"425":0,"426":0,"427":0,"432":0,"436":0,"437":0,"438":0,"439":0,"440":0,"442":0,"443":0,"444":0,"445":0,"453":0}}}